2020-05-20 11:03:48,845 INFO o.a.j.u.JMeterUtils: Setting Locale to en_EN
2020-05-20 11:03:48,864 INFO o.a.j.JMeter: Loading user properties from: user.properties
2020-05-20 11:03:48,865 INFO o.a.j.JMeter: Loading system properties from: system.properties
2020-05-20 11:03:48,866 INFO o.a.j.JMeter: Copyright (c) 1998-2019 The Apache Software Foundation
2020-05-20 11:03:48,866 INFO o.a.j.JMeter: Version 5.2.1
2020-05-20 11:03:48,868 INFO o.a.j.JMeter: java.version=1.8.0_251
2020-05-20 11:03:48,868 INFO o.a.j.JMeter: java.vm.name=Java HotSpot(TM) 64-Bit Server VM
2020-05-20 11:03:48,868 INFO o.a.j.JMeter: os.name=Windows 10
2020-05-20 11:03:48,868 INFO o.a.j.JMeter: os.arch=amd64
2020-05-20 11:03:48,868 INFO o.a.j.JMeter: os.version=10.0
2020-05-20 11:03:48,868 INFO o.a.j.JMeter: file.encoding=Cp1252
2020-05-20 11:03:48,868 INFO o.a.j.JMeter: java.awt.headless=true
2020-05-20 11:03:48,868 INFO o.a.j.JMeter: Max memory     =1073741824
2020-05-20 11:03:48,868 INFO o.a.j.JMeter: Available Processors =2
2020-05-20 11:03:48,875 INFO o.a.j.JMeter: Default Locale=English (EN)
2020-05-20 11:03:48,877 INFO o.a.j.JMeter: JMeter  Locale=English (EN)
2020-05-20 11:03:48,877 INFO o.a.j.JMeter: JMeterHome=C:\rbejawad\GitHub\KT\Jenkin\jmeter\apache-jmeter-5.2.1
2020-05-20 11:03:48,877 INFO o.a.j.JMeter: user.dir  =C:\rbejawad\GitHub\KT\Jenkin\jmeter\apache-jmeter-5.2.1\bin
2020-05-20 11:03:48,878 INFO o.a.j.JMeter: PWD       =C:\rbejawad\GitHub\KT\Jenkin\jmeter\apache-jmeter-5.2.1\bin
2020-05-20 11:03:48,880 INFO o.a.j.JMeter: IP: 10.227.239.175 Name: daas-sti-arm319 FullName: daas-sti-arm319.cisco.com
2020-05-20 11:03:48,885 INFO o.a.j.s.FileServer: Default base='C:\rbejawad\GitHub\KT\Jenkin\jmeter\apache-jmeter-5.2.1\bin'
2020-05-20 11:03:48,896 INFO o.a.j.s.FileServer: Set new base='C:\rbejawad\GitHub\KT\Jenkin\Data\Jmx'
2020-05-20 11:03:49,093 INFO o.a.j.s.SaveService: Testplan (JMX) version: 2.2. Testlog (JTL) version: 2.2
2020-05-20 11:03:49,104 INFO o.a.j.s.SaveService: Using SaveService properties file encoding UTF-8
2020-05-20 11:03:49,109 INFO o.a.j.s.SaveService: Using SaveService properties version 5.0
2020-05-20 11:03:49,122 INFO o.a.j.s.SaveService: Loading file: C:\rbejawad\GitHub\KT\Jenkin\Data\Jmx\testfile.jmx
2020-05-20 11:03:49,187 INFO o.a.j.p.h.s.HTTPSamplerBase: Parser for text/html is org.apache.jmeter.protocol.http.parser.LagartoBasedHtmlParser
2020-05-20 11:03:49,187 INFO o.a.j.p.h.s.HTTPSamplerBase: Parser for application/xhtml+xml is org.apache.jmeter.protocol.http.parser.LagartoBasedHtmlParser
2020-05-20 11:03:49,188 INFO o.a.j.p.h.s.HTTPSamplerBase: Parser for application/xml is org.apache.jmeter.protocol.http.parser.LagartoBasedHtmlParser
2020-05-20 11:03:49,188 INFO o.a.j.p.h.s.HTTPSamplerBase: Parser for text/xml is org.apache.jmeter.protocol.http.parser.LagartoBasedHtmlParser
2020-05-20 11:03:49,188 INFO o.a.j.p.h.s.HTTPSamplerBase: Parser for text/vnd.wap.wml is org.apache.jmeter.protocol.http.parser.RegexpHTMLParser
2020-05-20 11:03:49,188 INFO o.a.j.p.h.s.HTTPSamplerBase: Parser for text/css is org.apache.jmeter.protocol.http.parser.CssParser
2020-05-20 11:03:49,220 INFO o.a.j.JMeter: Creating summariser <summary>
2020-05-20 11:03:49,246 INFO o.a.j.e.StandardJMeterEngine: Running the test!
2020-05-20 11:03:49,249 INFO o.a.j.s.SampleEvent: List of sample_variables: []
2020-05-20 11:03:49,249 INFO o.a.j.s.SampleEvent: List of sample_variables: []
2020-05-20 11:03:49,255 INFO o.a.j.e.u.CompoundVariable: Note: Function class names must contain the string: '.functions.'
2020-05-20 11:03:49,255 INFO o.a.j.e.u.CompoundVariable: Note: Function class names must not contain the string: '.gui.'
2020-05-20 11:03:49,869 INFO o.a.j.JMeter: Running test (1589952829869)
2020-05-20 11:03:49,902 INFO o.a.j.e.StandardJMeterEngine: Starting ThreadGroup: 1 : Thread Group
2020-05-20 11:03:49,902 INFO o.a.j.e.StandardJMeterEngine: Starting 17 threads for group Thread Group.
2020-05-20 11:03:49,904 INFO o.a.j.e.StandardJMeterEngine: Thread will continue on error
2020-05-20 11:03:49,904 INFO o.a.j.t.ThreadGroup: Starting thread group... number=1 threads=17 ramp-up=1 delayedStart=false
2020-05-20 11:03:49,924 INFO o.a.j.t.ThreadGroup: Started thread group number 1
2020-05-20 11:03:49,924 INFO o.a.j.e.StandardJMeterEngine: All thread groups have been started
2020-05-20 11:03:49,929 INFO o.a.j.t.JMeterThread: Thread started: Thread Group 1-1
2020-05-20 11:03:49,960 INFO o.a.j.p.h.s.HTTPHCAbstractImpl: Local host = daas-sti-arm319
2020-05-20 11:03:49,975 INFO o.a.j.p.h.s.HTTPHC4Impl: HTTP request retry count = 0
2020-05-20 11:03:49,977 INFO o.a.j.s.SampleResult: Note: Sample TimeStamps are START times
2020-05-20 11:03:49,977 INFO o.a.j.s.SampleResult: sampleresult.default.encoding is set to ISO-8859-1
2020-05-20 11:03:49,977 INFO o.a.j.s.SampleResult: sampleresult.useNanoTime=true
2020-05-20 11:03:49,977 INFO o.a.j.s.SampleResult: sampleresult.nanoThreadSleep=5000
2020-05-20 11:03:50,006 INFO o.a.j.t.JMeterThread: Thread started: Thread Group 1-2
2020-05-20 11:03:50,096 INFO o.a.j.t.JMeterThread: Thread started: Thread Group 1-3
2020-05-20 11:03:50,120 INFO o.a.j.t.JMeterThread: Thread started: Thread Group 1-4
2020-05-20 11:03:50,167 INFO o.a.j.p.h.s.h.LazyLayeredConnectionSocketFactory: Setting up HTTPS TrustAll Socket Factory
2020-05-20 11:03:50,176 INFO o.a.j.u.JsseSSLManager: Using default SSL protocol: TLS
2020-05-20 11:03:50,177 INFO o.a.j.u.JsseSSLManager: SSL session context: per-thread
2020-05-20 11:03:50,188 INFO o.a.j.t.JMeterThread: Thread started: Thread Group 1-5
2020-05-20 11:03:50,311 INFO o.a.j.t.JMeterThread: Thread started: Thread Group 1-6
2020-05-20 11:03:50,352 INFO o.a.j.t.JMeterThread: Thread started: Thread Group 1-7
2020-05-20 11:03:50,404 INFO o.a.j.t.JMeterThread: Thread started: Thread Group 1-8
2020-05-20 11:03:50,410 INFO o.a.j.t.JMeterThread: Thread started: Thread Group 1-9
2020-05-20 11:03:50,465 INFO o.a.j.t.JMeterThread: Thread started: Thread Group 1-10
2020-05-20 11:03:50,526 INFO o.a.j.t.JMeterThread: Thread started: Thread Group 1-11
2020-05-20 11:03:50,583 INFO o.a.j.t.JMeterThread: Thread started: Thread Group 1-12
2020-05-20 11:03:50,645 INFO o.a.j.t.JMeterThread: Thread started: Thread Group 1-13
2020-05-20 11:03:50,705 INFO o.a.j.t.JMeterThread: Thread started: Thread Group 1-14
2020-05-20 11:03:50,759 INFO o.a.j.t.JMeterThread: Thread started: Thread Group 1-15
2020-05-20 11:03:50,822 INFO o.a.j.t.JMeterThread: Thread started: Thread Group 1-16
2020-05-20 11:03:50,880 INFO o.a.j.t.JMeterThread: Thread started: Thread Group 1-17
2020-05-20 11:03:50,946 INFO o.a.j.u.SSLManager: JmeterKeyStore Location:  type JKS
2020-05-20 11:03:50,956 INFO o.a.j.u.SSLManager: KeyStore created OK
2020-05-20 11:03:50,956 WARN o.a.j.u.SSLManager: Keystore file not found, loading empty keystore
2020-05-20 11:03:56,199 INFO o.a.j.t.JMeterThread: Thread is done: Thread Group 1-12
2020-05-20 11:03:56,200 INFO o.a.j.t.JMeterThread: Thread finished: Thread Group 1-12
2020-05-20 11:03:56,207 INFO o.a.j.t.JMeterThread: Thread is done: Thread Group 1-16
2020-05-20 11:03:56,207 INFO o.a.j.t.JMeterThread: Thread finished: Thread Group 1-16
2020-05-20 11:03:56,215 INFO o.a.j.t.JMeterThread: Thread is done: Thread Group 1-5
2020-05-20 11:03:56,215 INFO o.a.j.t.JMeterThread: Thread finished: Thread Group 1-5
2020-05-20 11:03:56,230 INFO o.a.j.t.JMeterThread: Thread is done: Thread Group 1-10
2020-05-20 11:03:56,230 INFO o.a.j.t.JMeterThread: Thread finished: Thread Group 1-10
2020-05-20 11:03:56,237 INFO o.a.j.t.JMeterThread: Thread is done: Thread Group 1-17
2020-05-20 11:03:56,237 INFO o.a.j.t.JMeterThread: Thread finished: Thread Group 1-17
2020-05-20 11:03:56,243 INFO o.a.j.t.JMeterThread: Thread is done: Thread Group 1-15
2020-05-20 11:03:56,243 INFO o.a.j.t.JMeterThread: Thread finished: Thread Group 1-15
2020-05-20 11:03:56,257 INFO o.a.j.t.JMeterThread: Thread is done: Thread Group 1-9
2020-05-20 11:03:56,258 INFO o.a.j.t.JMeterThread: Thread finished: Thread Group 1-9
2020-05-20 11:03:56,260 INFO o.a.j.t.JMeterThread: Thread is done: Thread Group 1-1
2020-05-20 11:03:56,261 INFO o.a.j.t.JMeterThread: Thread finished: Thread Group 1-1
2020-05-20 11:03:56,262 INFO o.a.j.t.JMeterThread: Thread is done: Thread Group 1-6
2020-05-20 11:03:56,262 INFO o.a.j.t.JMeterThread: Thread finished: Thread Group 1-6
2020-05-20 11:03:56,266 INFO o.a.j.t.JMeterThread: Thread is done: Thread Group 1-8
2020-05-20 11:03:56,267 INFO o.a.j.t.JMeterThread: Thread finished: Thread Group 1-8
2020-05-20 11:03:56,269 INFO o.a.j.t.JMeterThread: Thread is done: Thread Group 1-13
2020-05-20 11:03:56,269 INFO o.a.j.t.JMeterThread: Thread finished: Thread Group 1-13
2020-05-20 11:03:56,282 INFO o.a.j.t.JMeterThread: Thread is done: Thread Group 1-4
2020-05-20 11:03:56,282 INFO o.a.j.t.JMeterThread: Thread finished: Thread Group 1-4
2020-05-20 11:03:56,284 INFO o.a.j.t.JMeterThread: Thread is done: Thread Group 1-3
2020-05-20 11:03:56,284 INFO o.a.j.t.JMeterThread: Thread finished: Thread Group 1-3
2020-05-20 11:03:56,292 INFO o.a.j.t.JMeterThread: Thread is done: Thread Group 1-2
2020-05-20 11:03:56,292 INFO o.a.j.t.JMeterThread: Thread finished: Thread Group 1-2
2020-05-20 11:03:56,299 INFO o.a.j.t.JMeterThread: Thread is done: Thread Group 1-14
2020-05-20 11:03:56,299 INFO o.a.j.t.JMeterThread: Thread finished: Thread Group 1-14
2020-05-20 11:03:56,301 INFO o.a.j.t.JMeterThread: Thread is done: Thread Group 1-11
2020-05-20 11:03:56,301 INFO o.a.j.t.JMeterThread: Thread finished: Thread Group 1-11
2020-05-20 11:03:56,302 INFO o.a.j.t.JMeterThread: Thread is done: Thread Group 1-7
2020-05-20 11:03:56,302 INFO o.a.j.t.JMeterThread: Thread finished: Thread Group 1-7
2020-05-20 11:03:56,303 INFO o.a.j.e.StandardJMeterEngine: Notifying test listeners of end of test
2020-05-20 11:03:56,311 INFO o.a.j.r.Summariser: summary =     17 in 00:00:06 =    2.6/s Avg:  5817 Min:  5351 Max:  6210 Err:     0 (0.00%)
